TN:
SF:src/router.ts
FN:19,(anonymous_0)
FN:41,(anonymous_1)
FNF:2
FNH:2
FNDA:5,(anonymous_0)
FNDA:9,(anonymous_1)
DA:1,2
DA:2,2
DA:3,2
DA:4,2
DA:6,2
DA:10,2
DA:19,5
DA:25,2
DA:41,9
DA:61,2
LF:10
LH:10
BRF:0
BRH:0
end_of_record
TN:
SF:src/server.ts
FN:7,connectDB
FN:27,(anonymous_2)
FNF:2
FNH:2
FNDA:3,connectDB
FNDA:1,(anonymous_2)
DA:1,2
DA:2,2
DA:3,2
DA:4,2
DA:7,2
DA:8,3
DA:9,3
DA:10,2
DA:13,1
DA:17,2
DA:20,2
DA:23,2
DA:25,2
DA:27,2
DA:28,1
DA:31,2
LF:16
LH:16
BRF:0
BRH:0
end_of_record
TN:
SF:src/config/db.ts
FNF:0
FNH:0
DA:1,2
DA:2,2
DA:3,2
DA:5,2
DA:10,2
LF:5
LH:5
BRF:0
BRH:0
end_of_record
TN:
SF:src/handlers/product.ts
FN:4,(anonymous_1)
FN:17,(anonymous_2)
FN:23,(anonymous_3)
FN:28,(anonymous_4)
FN:37,(anonymous_5)
FN:47,(anonymous_6)
FNF:6
FNH:6
FNDA:2,(anonymous_1)
FNDA:2,(anonymous_2)
FNDA:1,(anonymous_3)
FNDA:2,(anonymous_4)
FNDA:2,(anonymous_5)
FNDA:2,(anonymous_6)
DA:2,2
DA:4,2
DA:5,2
DA:14,2
DA:17,2
DA:18,2
DA:19,2
DA:20,1
DA:23,2
DA:24,1
DA:25,1
DA:28,2
DA:29,2
DA:31,2
DA:33,1
DA:34,1
DA:37,2
DA:38,2
DA:40,2
DA:42,1
DA:43,1
DA:44,1
DA:47,2
DA:48,2
DA:50,2
DA:52,1
DA:53,1
LF:27
LH:27
BRDA:19,0,0,1
BRDA:31,1,0,1
BRDA:40,2,0,1
BRDA:50,3,0,1
BRF:4
BRH:4
end_of_record
TN:
SF:src/middlewares/index.ts
FN:15,(anonymous_0)
FNF:1
FNH:1
FNDA:23,(anonymous_0)
DA:2,2
DA:15,2
DA:17,23
DA:18,23
DA:19,9
LF:5
LH:5
BRDA:18,0,0,14
BRF:1
BRH:1
end_of_record
TN:
SF:src/models/Product.model.ts
FNF:0
FNH:0
DA:1,3
DA:6,3
DA:10,3
DA:15,3
DA:21,3
DA:24,3
LF:6
LH:6
BRF:0
BRH:0
end_of_record
